# JRE version: Java(TM) SE Runtime Environment (7.0_45-b18) (build 1.7.0_45-b18)
# Java VM: Java HotSpot(TM) 64-Bit Server VM (24.45-b08 mixed mode linux-amd64 compressed oops)
Heap
 PSYoungGen      total 33280K, used 29640K [0x00000000ebf00000, 0x00000000ee200000, 0x0000000100000000)
  eden space 30720K, 88% used [0x00000000ebf00000,0x00000000ed9769b0,0x00000000edd00000)
  from space 2560K, 99% used [0x00000000edf80000,0x00000000ee1fba00,0x00000000ee200000)
  to   space 2560K, 0% used [0x00000000edd00000,0x00000000edd00000,0x00000000edf80000)
 ParOldGen       total 40960K, used 1312K [0x00000000c3e00000, 0x00000000c6600000, 0x00000000ebf00000)
  object space 40960K, 3% used [0x00000000c3e00000,0x00000000c3f481d8,0x00000000c6600000)
 PSPermGen       total 21504K, used 16720K [0x00000000bec00000, 0x00000000c0100000, 0x00000000c3e00000)
  object space 21504K, 77% used [0x00000000bec00000,0x00000000bfc541c0,0x00000000c0100000)
GC Heap History (8 events):
Event: 0.506 GC heap before
{Heap before GC invocations=1 (full 0):
 PSYoungGen      total 17920K, used 15304K [0x00000000ebf00000, 0x00000000ed300000, 0x0000000100000000)
  eden space 15360K, 99% used [0x00000000ebf00000,0x00000000ecdf2320,0x00000000ece00000)
  from space 2560K, 0% used [0x00000000ed080000,0x00000000ed080000,0x00000000ed300000)
  to   space 2560K, 0% used [0x00000000ece00000,0x00000000ece00000,0x00000000ed080000)
 ParOldGen       total 40960K, used 0K [0x00000000c3e00000, 0x00000000c6600000, 0x00000000ebf00000)
  object space 40960K, 0% used [0x00000000c3e00000,0x00000000c3e00000,0x00000000c6600000)
 PSPermGen       total 21504K, used 8176K [0x00000000bec00000, 0x00000000c0100000, 0x00000000c3e00000)
  object space 21504K, 38% used [0x00000000bec00000,0x00000000bf3fc2a0,0x00000000c0100000)
Event: 0.511 GC heap after
Heap after GC invocations=1 (full 0):
 PSYoungGen      total 17920K, used 2542K [0x00000000ebf00000, 0x00000000ed300000, 0x0000000100000000)
  eden space 15360K, 0% used [0x00000000ebf00000,0x00000000ebf00000,0x00000000ece00000)
  from space 2560K, 99% used [0x00000000ece00000,0x00000000ed07b9e0,0x00000000ed080000)
  to   space 2560K, 0% used [0x00000000ed080000,0x00000000ed080000,0x00000000ed300000)
 ParOldGen       total 40960K, used 1304K [0x00000000c3e00000, 0x00000000c6600000, 0x00000000ebf00000)
  object space 40960K, 3% used [0x00000000c3e00000,0x00000000c3f461d8,0x00000000c6600000)
 PSPermGen       total 21504K, used 8176K [0x00000000bec00000, 0x00000000c0100000, 0x00000000c3e00000)
  object space 21504K, 38% used [0x00000000bec00000,0x00000000bf3fc2a0,0x00000000c0100000)
}
Event: 0.566 GC heap before
{Heap before GC invocations=2 (full 0):
 PSYoungGen      total 17920K, used 17830K [0x00000000ebf00000, 0x00000000ed300000, 0x0000000100000000)
  eden space 15360K, 99% used [0x00000000ebf00000,0x00000000ecdee200,0x00000000ece00000)
  from space 2560K, 99% used [0x00000000ece00000,0x00000000ed07b9e0,0x00000000ed080000)
  to   space 2560K, 0% used [0x00000000ed080000,0x00000000ed080000,0x00000000ed300000)
 ParOldGen       total 40960K, used 1304K [0x00000000c3e00000, 0x00000000c6600000, 0x00000000ebf00000)
  object space 40960K, 3% used [0x00000000c3e00000,0x00000000c3f461d8,0x00000000c6600000)
 PSPermGen       total 21504K, used 8179K [0x00000000bec00000, 0x00000000c0100000, 0x00000000c3e00000)
  object space 21504K, 38% used [0x00000000bec00000,0x00000000bf3fce20,0x00000000c0100000)
Event: 0.569 GC heap after
Heap after GC invocations=2 (full 0):
 PSYoungGen      total 17920K, used 2542K [0x00000000ebf00000, 0x00000000ee200000, 0x0000000100000000)
  eden space 15360K, 0% used [0x00000000ebf00000,0x00000000ebf00000,0x00000000ece00000)
  from space 2560K, 99% used [0x00000000ed080000,0x00000000ed2fba00,0x00000000ed300000)
  to   space 2560K, 0% used [0x00000000ece00000,0x00000000ece00000,0x00000000ed080000)
 ParOldGen       total 40960K, used 1304K [0x00000000c3e00000, 0x00000000c6600000, 0x00000000ebf00000)
  object space 40960K, 3% used [0x00000000c3e00000,0x00000000c3f461d8,0x00000000c6600000)
 PSPermGen       total 21504K, used 8179K [0x00000000bec00000, 0x00000000c0100000, 0x00000000c3e00000)
  object space 21504K, 38% used [0x00000000bec00000,0x00000000bf3fce20,0x00000000c0100000)
}
Event: 0.621 GC heap before
{Heap before GC invocations=3 (full 0):
 PSYoungGen      total 17920K, used 17835K [0x00000000ebf00000, 0x00000000ee200000, 0x0000000100000000)
  eden space 15360K, 99% used [0x00000000ebf00000,0x00000000ecdef590,0x00000000ece00000)
  from space 2560K, 99% used [0x00000000ed080000,0x00000000ed2fba00,0x00000000ed300000)
  to   space 2560K, 0% used [0x00000000ece00000,0x00000000ece00000,0x00000000ed080000)
 ParOldGen       total 40960K, used 1304K [0x00000000c3e00000, 0x00000000c6600000, 0x00000000ebf00000)
  object space 40960K, 3% used [0x00000000c3e00000,0x00000000c3f461d8,0x00000000c6600000)
 PSPermGen       total 21504K, used 8179K [0x00000000bec00000, 0x00000000c0100000, 0x00000000c3e00000)
  object space 21504K, 38% used [0x00000000bec00000,0x00000000bf3fce20,0x00000000c0100000)
Event: 0.624 GC heap after
Heap after GC invocations=3 (full 0):
 PSYoungGen      total 17920K, used 2542K [0x00000000ebf00000, 0x00000000ee200000, 0x0000000100000000)
  eden space 15360K, 0% used [0x00000000ebf00000,0x00000000ebf00000,0x00000000ece00000)
  from space 2560K, 99% used [0x00000000ece00000,0x00000000ed07ba00,0x00000000ed080000)
  to   space 2560K, 0% used [0x00000000edf80000,0x00000000edf80000,0x00000000ee200000)
 ParOldGen       total 40960K, used 1304K [0x00000000c3e00000, 0x00000000c6600000, 0x00000000ebf00000)
  object space 40960K, 3% used [0x00000000c3e00000,0x00000000c3f461d8,0x00000000c6600000)
 PSPermGen       total 21504K, used 8179K [0x00000000bec00000, 0x00000000c0100000, 0x00000000c3e00000)
  object space 21504K, 38% used [0x00000000bec00000,0x00000000bf3fce20,0x00000000c0100000)
}
Event: 0.677 GC heap before
{Heap before GC invocations=4 (full 0):
 PSYoungGen      total 17920K, used 17790K [0x00000000ebf00000, 0x00000000ee200000, 0x0000000100000000)
  eden space 15360K, 99% used [0x00000000ebf00000,0x00000000ecde3ea0,0x00000000ece00000)
  from space 2560K, 99% used [0x00000000ece00000,0x00000000ed07ba00,0x00000000ed080000)
  to   space 2560K, 0% used [0x00000000edf80000,0x00000000edf80000,0x00000000ee200000)
 ParOldGen       total 40960K, used 1304K [0x00000000c3e00000, 0x00000000c6600000, 0x00000000ebf00000)
  object space 40960K, 3% used [0x00000000c3e00000,0x00000000c3f461d8,0x00000000c6600000)
 PSPermGen       total 21504K, used 8179K [0x00000000bec00000, 0x00000000c0100000, 0x00000000c3e00000)
  object space 21504K, 38% used [0x00000000bec00000,0x00000000bf3fce20,0x00000000c0100000)
Event: 0.680 GC heap after
Heap after GC invocations=4 (full 0):
 PSYoungGen      total 33280K, used 2542K [0x00000000ebf00000, 0x00000000ee200000, 0x0000000100000000)
  eden space 30720K, 0% used [0x00000000ebf00000,0x00000000ebf00000,0x00000000edd00000)
  from space 2560K, 99% used [0x00000000edf80000,0x00000000ee1fba00,0x00000000ee200000)
  to   space 2560K, 0% used [0x00000000edd00000,0x00000000edd00000,0x00000000edf80000)
 ParOldGen       total 40960K, used 1312K [0x00000000c3e00000, 0x00000000c6600000, 0x00000000ebf00000)
  object space 40960K, 3% used [0x00000000c3e00000,0x00000000c3f481d8,0x00000000c6600000)
 PSPermGen       total 21504K, used 8179K [0x00000000bec00000, 0x00000000c0100000, 0x00000000c3e00000)
  object space 21504K, 38% used [0x00000000bec00000,0x00000000bf3fce20,0x00000000c0100000)
}

