# JRE version: Java(TM) SE Runtime Environment (7.0_45-b18) (build 1.7.0_45-b18)
# Java VM: Java HotSpot(TM) 64-Bit Server VM (24.45-b08 mixed mode linux-amd64 compressed oops)
Heap
 PSYoungGen      total 33280K, used 29603K [0x00000000ebf00000, 0x00000000ee200000, 0x0000000100000000)
  eden space 30720K, 88% used [0x00000000ebf00000,0x00000000ed96b678,0x00000000edd00000)
  from space 2560K, 99% used [0x00000000edf80000,0x00000000ee1fd7d0,0x00000000ee200000)
  to   space 2560K, 0% used [0x00000000edd00000,0x00000000edd00000,0x00000000edf80000)
 ParOldGen       total 40960K, used 1320K [0x00000000c3e00000, 0x00000000c6600000, 0x00000000ebf00000)
  object space 40960K, 3% used [0x00000000c3e00000,0x00000000c3f4a3f8,0x00000000c6600000)
 PSPermGen       total 21504K, used 16696K [0x00000000bec00000, 0x00000000c0100000, 0x00000000c3e00000)
  object space 21504K, 77% used [0x00000000bec00000,0x00000000bfc4e008,0x00000000c0100000)
GC Heap History (8 events):
Event: 0.537 GC heap before
{Heap before GC invocations=1 (full 0):
 PSYoungGen      total 17920K, used 15304K [0x00000000ebf00000, 0x00000000ed300000, 0x0000000100000000)
  eden space 15360K, 99% used [0x00000000ebf00000,0x00000000ecdf2358,0x00000000ece00000)
  from space 2560K, 0% used [0x00000000ed080000,0x00000000ed080000,0x00000000ed300000)
  to   space 2560K, 0% used [0x00000000ece00000,0x00000000ece00000,0x00000000ed080000)
 ParOldGen       total 40960K, used 0K [0x00000000c3e00000, 0x00000000c6600000, 0x00000000ebf00000)
  object space 40960K, 0% used [0x00000000c3e00000,0x00000000c3e00000,0x00000000c6600000)
 PSPermGen       total 21504K, used 8176K [0x00000000bec00000, 0x00000000c0100000, 0x00000000c3e00000)
  object space 21504K, 38% used [0x00000000bec00000,0x00000000bf3fc318,0x00000000c0100000)
Event: 0.542 GC heap after
Heap after GC invocations=1 (full 0):
 PSYoungGen      total 17920K, used 2549K [0x00000000ebf00000, 0x00000000ed300000, 0x0000000100000000)
  eden space 15360K, 0% used [0x00000000ebf00000,0x00000000ebf00000,0x00000000ece00000)
  from space 2560K, 99% used [0x00000000ece00000,0x00000000ed07d7b0,0x00000000ed080000)
  to   space 2560K, 0% used [0x00000000ed080000,0x00000000ed080000,0x00000000ed300000)
 ParOldGen       total 40960K, used 1288K [0x00000000c3e00000, 0x00000000c6600000, 0x00000000ebf00000)
  object space 40960K, 3% used [0x00000000c3e00000,0x00000000c3f423f8,0x00000000c6600000)
 PSPermGen       total 21504K, used 8176K [0x00000000bec00000, 0x00000000c0100000, 0x00000000c3e00000)
  object space 21504K, 38% used [0x00000000bec00000,0x00000000bf3fc318,0x00000000c0100000)
}
Event: 0.597 GC heap before
{Heap before GC invocations=2 (full 0):
 PSYoungGen      total 17920K, used 17838K [0x00000000ebf00000, 0x00000000ed300000, 0x0000000100000000)
  eden space 15360K, 99% used [0x00000000ebf00000,0x00000000ecdee200,0x00000000ece00000)
  from space 2560K, 99% used [0x00000000ece00000,0x00000000ed07d7b0,0x00000000ed080000)
  to   space 2560K, 0% used [0x00000000ed080000,0x00000000ed080000,0x00000000ed300000)
 ParOldGen       total 40960K, used 1288K [0x00000000c3e00000, 0x00000000c6600000, 0x00000000ebf00000)
  object space 40960K, 3% used [0x00000000c3e00000,0x00000000c3f423f8,0x00000000c6600000)
 PSPermGen       total 21504K, used 8179K [0x00000000bec00000, 0x00000000c0100000, 0x00000000c3e00000)
  object space 21504K, 38% used [0x00000000bec00000,0x00000000bf3fce98,0x00000000c0100000)
Event: 0.600 GC heap after
Heap after GC invocations=2 (full 0):
 PSYoungGen      total 17920K, used 2549K [0x00000000ebf00000, 0x00000000ee200000, 0x0000000100000000)
  eden space 15360K, 0% used [0x00000000ebf00000,0x00000000ebf00000,0x00000000ece00000)
  from space 2560K, 99% used [0x00000000ed080000,0x00000000ed2fd7d0,0x00000000ed300000)
  to   space 2560K, 0% used [0x00000000ece00000,0x00000000ece00000,0x00000000ed080000)
 ParOldGen       total 40960K, used 1304K [0x00000000c3e00000, 0x00000000c6600000, 0x00000000ebf00000)
  object space 40960K, 3% used [0x00000000c3e00000,0x00000000c3f463f8,0x00000000c6600000)
 PSPermGen       total 21504K, used 8179K [0x00000000bec00000, 0x00000000c0100000, 0x00000000c3e00000)
  object space 21504K, 38% used [0x00000000bec00000,0x00000000bf3fce98,0x00000000c0100000)
}
Event: 0.653 GC heap before
{Heap before GC invocations=3 (full 0):
 PSYoungGen      total 17920K, used 17843K [0x00000000ebf00000, 0x00000000ee200000, 0x0000000100000000)
  eden space 15360K, 99% used [0x00000000ebf00000,0x00000000ecdef590,0x00000000ece00000)
  from space 2560K, 99% used [0x00000000ed080000,0x00000000ed2fd7d0,0x00000000ed300000)
  to   space 2560K, 0% used [0x00000000ece00000,0x00000000ece00000,0x00000000ed080000)
 ParOldGen       total 40960K, used 1304K [0x00000000c3e00000, 0x00000000c6600000, 0x00000000ebf00000)
  object space 40960K, 3% used [0x00000000c3e00000,0x00000000c3f463f8,0x00000000c6600000)
 PSPermGen       total 21504K, used 8179K [0x00000000bec00000, 0x00000000c0100000, 0x00000000c3e00000)
  object space 21504K, 38% used [0x00000000bec00000,0x00000000bf3fce98,0x00000000c0100000)
Event: 0.656 GC heap after
Heap after GC invocations=3 (full 0):
 PSYoungGen      total 17920K, used 2549K [0x00000000ebf00000, 0x00000000ee200000, 0x0000000100000000)
  eden space 15360K, 0% used [0x00000000ebf00000,0x00000000ebf00000,0x00000000ece00000)
  from space 2560K, 99% used [0x00000000ece00000,0x00000000ed07d7d0,0x00000000ed080000)
  to   space 2560K, 0% used [0x00000000edf80000,0x00000000edf80000,0x00000000ee200000)
 ParOldGen       total 40960K, used 1312K [0x00000000c3e00000, 0x00000000c6600000, 0x00000000ebf00000)
  object space 40960K, 3% used [0x00000000c3e00000,0x00000000c3f483f8,0x00000000c6600000)
 PSPermGen       total 21504K, used 8179K [0x00000000bec00000, 0x00000000c0100000, 0x00000000c3e00000)
  object space 21504K, 38% used [0x00000000bec00000,0x00000000bf3fce98,0x00000000c0100000)
}
Event: 0.710 GC heap before
{Heap before GC invocations=4 (full 0):
 PSYoungGen      total 17920K, used 17797K [0x00000000ebf00000, 0x00000000ee200000, 0x0000000100000000)
  eden space 15360K, 99% used [0x00000000ebf00000,0x00000000ecde3ea0,0x00000000ece00000)
  from space 2560K, 99% used [0x00000000ece00000,0x00000000ed07d7d0,0x00000000ed080000)
  to   space 2560K, 0% used [0x00000000edf80000,0x00000000edf80000,0x00000000ee200000)
 ParOldGen       total 40960K, used 1312K [0x00000000c3e00000, 0x00000000c6600000, 0x00000000ebf00000)
  object space 40960K, 3% used [0x00000000c3e00000,0x00000000c3f483f8,0x00000000c6600000)
 PSPermGen       total 21504K, used 8179K [0x00000000bec00000, 0x00000000c0100000, 0x00000000c3e00000)
  object space 21504K, 38% used [0x00000000bec00000,0x00000000bf3fce98,0x00000000c0100000)
Event: 0.713 GC heap after
Heap after GC invocations=4 (full 0):
 PSYoungGen      total 33280K, used 2549K [0x00000000ebf00000, 0x00000000ee200000, 0x0000000100000000)
  eden space 30720K, 0% used [0x00000000ebf00000,0x00000000ebf00000,0x00000000edd00000)
  from space 2560K, 99% used [0x00000000edf80000,0x00000000ee1fd7d0,0x00000000ee200000)
  to   space 2560K, 0% used [0x00000000edd00000,0x00000000edd00000,0x00000000edf80000)
 ParOldGen       total 40960K, used 1320K [0x00000000c3e00000, 0x00000000c6600000, 0x00000000ebf00000)
  object space 40960K, 3% used [0x00000000c3e00000,0x00000000c3f4a3f8,0x00000000c6600000)
 PSPermGen       total 21504K, used 8179K [0x00000000bec00000, 0x00000000c0100000, 0x00000000c3e00000)
  object space 21504K, 38% used [0x00000000bec00000,0x00000000bf3fce98,0x00000000c0100000)
}

