# JRE version: Java(TM) SE Runtime Environment (7.0_45-b18) (build 1.7.0_45-b18)
# Java VM: Java HotSpot(TM) 64-Bit Server VM (24.45-b08 mixed mode linux-amd64 compressed oops)
Heap
 PSYoungGen      total 33280K, used 29609K [0x00000000ebf00000, 0x00000000ee200000, 0x0000000100000000)
  eden space 30720K, 88% used [0x00000000ebf00000,0x00000000ed96acf8,0x00000000edd00000)
  from space 2560K, 99% used [0x00000000edf80000,0x00000000ee1ff9f0,0x00000000ee200000)
  to   space 2560K, 0% used [0x00000000edd00000,0x00000000edd00000,0x00000000edf80000)
 ParOldGen       total 40960K, used 1293K [0x00000000c3e00000, 0x00000000c6600000, 0x00000000ebf00000)
  object space 40960K, 3% used [0x00000000c3e00000,0x00000000c3f43738,0x00000000c6600000)
 PSPermGen       total 21504K, used 16697K [0x00000000bec00000, 0x00000000c0100000, 0x00000000c3e00000)
  object space 21504K, 77% used [0x00000000bec00000,0x00000000bfc4e4e0,0x00000000c0100000)
GC Heap History (8 events):
Event: 0.602 GC heap before
{Heap before GC invocations=1 (full 0):
 PSYoungGen      total 17920K, used 15307K [0x00000000ebf00000, 0x00000000ed300000, 0x0000000100000000)
  eden space 15360K, 99% used [0x00000000ebf00000,0x00000000ecdf2ed8,0x00000000ece00000)
  from space 2560K, 0% used [0x00000000ed080000,0x00000000ed080000,0x00000000ed300000)
  to   space 2560K, 0% used [0x00000000ece00000,0x00000000ece00000,0x00000000ed080000)
 ParOldGen       total 40960K, used 0K [0x00000000c3e00000, 0x00000000c6600000, 0x00000000ebf00000)
  object space 40960K, 0% used [0x00000000c3e00000,0x00000000c3e00000,0x00000000c6600000)
 PSPermGen       total 21504K, used 8176K [0x00000000bec00000, 0x00000000c0100000, 0x00000000c3e00000)
  object space 21504K, 38% used [0x00000000bec00000,0x00000000bf3fc2a0,0x00000000c0100000)
Event: 0.607 GC heap after
Heap after GC invocations=1 (full 0):
 PSYoungGen      total 17920K, used 2558K [0x00000000ebf00000, 0x00000000ed300000, 0x0000000100000000)
  eden space 15360K, 0% used [0x00000000ebf00000,0x00000000ebf00000,0x00000000ece00000)
  from space 2560K, 99% used [0x00000000ece00000,0x00000000ed07f9f0,0x00000000ed080000)
  to   space 2560K, 0% used [0x00000000ed080000,0x00000000ed080000,0x00000000ed300000)
 ParOldGen       total 40960K, used 1261K [0x00000000c3e00000, 0x00000000c6600000, 0x00000000ebf00000)
  object space 40960K, 3% used [0x00000000c3e00000,0x00000000c3f3b728,0x00000000c6600000)
 PSPermGen       total 21504K, used 8176K [0x00000000bec00000, 0x00000000c0100000, 0x00000000c3e00000)
  object space 21504K, 38% used [0x00000000bec00000,0x00000000bf3fc2a0,0x00000000c0100000)
}
Event: 0.668 GC heap before
{Heap before GC invocations=2 (full 0):
 PSYoungGen      total 17920K, used 17846K [0x00000000ebf00000, 0x00000000ed300000, 0x0000000100000000)
  eden space 15360K, 99% used [0x00000000ebf00000,0x00000000ecdee1f8,0x00000000ece00000)
  from space 2560K, 99% used [0x00000000ece00000,0x00000000ed07f9f0,0x00000000ed080000)
  to   space 2560K, 0% used [0x00000000ed080000,0x00000000ed080000,0x00000000ed300000)
 ParOldGen       total 40960K, used 1261K [0x00000000c3e00000, 0x00000000c6600000, 0x00000000ebf00000)
  object space 40960K, 3% used [0x00000000c3e00000,0x00000000c3f3b728,0x00000000c6600000)
 PSPermGen       total 21504K, used 8179K [0x00000000bec00000, 0x00000000c0100000, 0x00000000c3e00000)
  object space 21504K, 38% used [0x00000000bec00000,0x00000000bf3fce20,0x00000000c0100000)
Event: 0.671 GC heap after
Heap after GC invocations=2 (full 0):
 PSYoungGen      total 17920K, used 2558K [0x00000000ebf00000, 0x00000000ee200000, 0x0000000100000000)
  eden space 15360K, 0% used [0x00000000ebf00000,0x00000000ebf00000,0x00000000ece00000)
  from space 2560K, 99% used [0x00000000ed080000,0x00000000ed2ffa10,0x00000000ed300000)
  to   space 2560K, 0% used [0x00000000ece00000,0x00000000ece00000,0x00000000ed080000)
 ParOldGen       total 40960K, used 1269K [0x00000000c3e00000, 0x00000000c6600000, 0x00000000ebf00000)
  object space 40960K, 3% used [0x00000000c3e00000,0x00000000c3f3d728,0x00000000c6600000)
 PSPermGen       total 21504K, used 8179K [0x00000000bec00000, 0x00000000c0100000, 0x00000000c3e00000)
  object space 21504K, 38% used [0x00000000bec00000,0x00000000bf3fce20,0x00000000c0100000)
}
Event: 0.724 GC heap before
{Heap before GC invocations=3 (full 0):
 PSYoungGen      total 17920K, used 17851K [0x00000000ebf00000, 0x00000000ee200000, 0x0000000100000000)
  eden space 15360K, 99% used [0x00000000ebf00000,0x00000000ecdef588,0x00000000ece00000)
  from space 2560K, 99% used [0x00000000ed080000,0x00000000ed2ffa10,0x00000000ed300000)
  to   space 2560K, 0% used [0x00000000ece00000,0x00000000ece00000,0x00000000ed080000)
 ParOldGen       total 40960K, used 1269K [0x00000000c3e00000, 0x00000000c6600000, 0x00000000ebf00000)
  object space 40960K, 3% used [0x00000000c3e00000,0x00000000c3f3d728,0x00000000c6600000)
 PSPermGen       total 21504K, used 8179K [0x00000000bec00000, 0x00000000c0100000, 0x00000000c3e00000)
  object space 21504K, 38% used [0x00000000bec00000,0x00000000bf3fce20,0x00000000c0100000)
Event: 0.727 GC heap after
Heap after GC invocations=3 (full 0):
 PSYoungGen      total 17920K, used 2558K [0x00000000ebf00000, 0x00000000ee200000, 0x0000000100000000)
  eden space 15360K, 0% used [0x00000000ebf00000,0x00000000ebf00000,0x00000000ece00000)
  from space 2560K, 99% used [0x00000000ece00000,0x00000000ed07fa10,0x00000000ed080000)
  to   space 2560K, 0% used [0x00000000edf80000,0x00000000edf80000,0x00000000ee200000)
 ParOldGen       total 40960K, used 1269K [0x00000000c3e00000, 0x00000000c6600000, 0x00000000ebf00000)
  object space 40960K, 3% used [0x00000000c3e00000,0x00000000c3f3d728,0x00000000c6600000)
 PSPermGen       total 21504K, used 8179K [0x00000000bec00000, 0x00000000c0100000, 0x00000000c3e00000)
  object space 21504K, 38% used [0x00000000bec00000,0x00000000bf3fce20,0x00000000c0100000)
}
Event: 0.782 GC heap before
{Heap before GC invocations=4 (full 0):
 PSYoungGen      total 17920K, used 17806K [0x00000000ebf00000, 0x00000000ee200000, 0x0000000100000000)
  eden space 15360K, 99% used [0x00000000ebf00000,0x00000000ecde3ea0,0x00000000ece00000)
  from space 2560K, 99% used [0x00000000ece00000,0x00000000ed07fa10,0x00000000ed080000)
  to   space 2560K, 0% used [0x00000000edf80000,0x00000000edf80000,0x00000000ee200000)
 ParOldGen       total 40960K, used 1269K [0x00000000c3e00000, 0x00000000c6600000, 0x00000000ebf00000)
  object space 40960K, 3% used [0x00000000c3e00000,0x00000000c3f3d728,0x00000000c6600000)
 PSPermGen       total 21504K, used 8179K [0x00000000bec00000, 0x00000000c0100000, 0x00000000c3e00000)
  object space 21504K, 38% used [0x00000000bec00000,0x00000000bf3fce20,0x00000000c0100000)
Event: 0.785 GC heap after
Heap after GC invocations=4 (full 0):
 PSYoungGen      total 33280K, used 2558K [0x00000000ebf00000, 0x00000000ee200000, 0x0000000100000000)
  eden space 30720K, 0% used [0x00000000ebf00000,0x00000000ebf00000,0x00000000edd00000)
  from space 2560K, 99% used [0x00000000edf80000,0x00000000ee1ff9f0,0x00000000ee200000)
  to   space 2560K, 0% used [0x00000000edd00000,0x00000000edd00000,0x00000000edf80000)
 ParOldGen       total 40960K, used 1293K [0x00000000c3e00000, 0x00000000c6600000, 0x00000000ebf00000)
  object space 40960K, 3% used [0x00000000c3e00000,0x00000000c3f43738,0x00000000c6600000)
 PSPermGen       total 21504K, used 8179K [0x00000000bec00000, 0x00000000c0100000, 0x00000000c3e00000)
  object space 21504K, 38% used [0x00000000bec00000,0x00000000bf3fce20,0x00000000c0100000)
}

